{"/workspaces/jdng-exercise-unit-test-with-jest/app.js": {"path":"/workspaces/jdng-exercise-unit-test-with-jest/app.js","statementMap":{"0":{"start":{"line":2,"column":12},"end":{"line":4,"column":1}},"1":{"start":{"line":3,"column":4},"end":{"line":3,"column":17}},"2":{"start":{"line":6,"column":26},"end":{"line":9,"column":2}},"3":{"start":{"line":7,"column":24},"end":{"line":7,"column":42}},"4":{"start":{"line":8,"column":4},"end":{"line":8,"column":25}},"5":{"start":{"line":12,"column":17},"end":{"line":12,"column":31}},"6":{"start":{"line":13,"column":16},"end":{"line":13,"column":28}},"7":{"start":{"line":14,"column":4},"end":{"line":14,"column":15}},"8":{"start":{"line":17,"column":0},"end":{"line":17,"column":59}}},"fnMap":{"0":{"name":"(anonymous_0)","decl":{"start":{"line":2,"column":12},"end":{"line":2,"column":13}},"loc":{"start":{"line":2,"column":21},"end":{"line":4,"column":1}},"line":2},"1":{"name":"(anonymous_1)","decl":{"start":{"line":6,"column":26},"end":{"line":6,"column":27}},"loc":{"start":{"line":6,"column":48},"end":{"line":9,"column":2}},"line":6},"2":{"name":"fromDollarToYen","decl":{"start":{"line":11,"column":10},"end":{"line":11,"column":25}},"loc":{"start":{"line":11,"column":36},"end":{"line":15,"column":2}},"line":11}},"branchMap":{},"s":{"0":1,"1":1,"2":1,"3":1,"4":1,"5":1,"6":1,"7":1,"8":1},"f":{"0":1,"1":1,"2":1},"b":{},"_coverageSchema":"1a1c01bbd47fc00a2c39e90264f33305004495a9","hash":"3adf486aedf6f0b28fd384741a94449bfb70e411"}
}
